This file contains any messages produced by compilers while
running configure, to aid debugging if configure makes a mistake.

It was created by ODE configure 0.13, which was
generated by GNU Autoconf 2.69.  Invocation command line was

  $ ./configure --enable-double-precision

## --------- ##
## Platform. ##
## --------- ##

hostname = robotautonomy
uname -m = x86_64
uname -r = 3.16.0-77-generic
uname -s = Linux
uname -v = #99~14.04.1-Ubuntu SMP Tue Jun 28 19:17:10 UTC 2016

/usr/bin/uname -p = unknown
/bin/uname -X     = unknown

/bin/arch              = unknown
/usr/bin/arch -k       = unknown
/usr/convex/getsysinfo = unknown
/usr/bin/hostinfo      = unknown
/bin/machine           = unknown
/usr/bin/oslevel       = unknown
/bin/universe          = unknown

PATH: /opt/ros/indigo/bin
PATH: /usr/local/sbin
PATH: /usr/local/bin
PATH: /usr/sbin
PATH: /usr/bin
PATH: /sbin
PATH: /bin
PATH: /usr/games
PATH: /usr/local/games


## ----------- ##
## Core tests. ##
## ----------- ##

configure:2731: checking build system type
configure:2745: result: x86_64-unknown-linux-gnu
configure:2765: checking host system type
configure:2778: result: x86_64-unknown-linux-gnu
configure:2815: checking for a BSD-compatible install
configure:2883: result: /usr/bin/install -c
configure:2894: checking whether build environment is sane
configure:2949: result: yes
configure:3100: checking for a thread-safe mkdir -p
configure:3139: result: /bin/mkdir -p
configure:3146: checking for gawk
configure:3176: result: no
configure:3146: checking for mawk
configure:3162: found /usr/bin/mawk
configure:3173: result: mawk
configure:3184: checking whether make sets $(MAKE)
configure:3206: result: yes
configure:3235: checking whether make supports nested variables
configure:3252: result: yes
configure:3380: checking whether make sets $(MAKE)
configure:3402: result: yes
configure:3469: checking for g++
configure:3485: found /usr/bin/g++
configure:3496: result: g++
configure:3523: checking for C++ compiler version
configure:3532: g++ --version >&5
g++ (Ubuntu 4.8.4-2ubuntu1~14.04.3) 4.8.4
Copyright (C) 2013 Free Software Foundation, Inc.
This is free software; see the source for copying conditions.  There is NO
warranty; not even for MERCHANTABILITY or FITNESS FOR A PARTICULAR PURPOSE.

configure:3543: $? = 0
configure:3532: g++ -v >&5
Using built-in specs.
COLLECT_GCC=g++
COLLECT_LTO_WRAPPER=/usr/lib/gcc/x86_64-linux-gnu/4.8/lto-wrapper
Target: x86_64-linux-gnu
Configured with: ../src/configure -v --with-pkgversion='Ubuntu 4.8.4-2ubuntu1~14.04.3' --with-bugurl=file:///usr/share/doc/gcc-4.8/README.Bugs --enable-languages=c,c++,java,go,d,fortran,objc,obj-c++ --prefix=/usr --program-suffix=-4.8 --enable-shared --enable-linker-build-id --libexecdir=/usr/lib --without-included-gettext --enable-threads=posix --with-gxx-include-dir=/usr/include/c++/4.8 --libdir=/usr/lib --enable-nls --with-sysroot=/ --enable-clocale=gnu --enable-libstdcxx-debug --enable-libstdcxx-time=yes --enable-gnu-unique-object --disable-libmudflap --enable-plugin --with-system-zlib --disable-browser-plugin --enable-java-awt=gtk --enable-gtk-cairo --with-java-home=/usr/lib/jvm/java-1.5.0-gcj-4.8-amd64/jre --enable-java-home --with-jvm-root-dir=/usr/lib/jvm/java-1.5.0-gcj-4.8-amd64 --with-jvm-jar-dir=/usr/lib/jvm-exports/java-1.5.0-gcj-4.8-amd64 --with-arch-directory=amd64 --with-ecj-jar=/usr/share/java/eclipse-ecj.jar --enable-objc-gc --enable-multiarch --disable-werror --with-arch-32=i686 --with-abi=m64 --with-multilib-list=m32,m64,mx32 --with-tune=generic --enable-checking=release --build=x86_64-linux-gnu --host=x86_64-linux-gnu --target=x86_64-linux-gnu
Thread model: posix
gcc version 4.8.4 (Ubuntu 4.8.4-2ubuntu1~14.04.3) 
configure:3543: $? = 0
configure:3532: g++ -V >&5
g++: error: unrecognized command line option '-V'
g++: fatal error: no input files
compilation terminated.
configure:3543: $? = 4
configure:3532: g++ -qversion >&5
g++: error: unrecognized command line option '-qversion'
g++: fatal error: no input files
compilation terminated.
configure:3543: $? = 4
configure:3563: checking whether the C++ compiler works
configure:3585: g++    conftest.cpp  >&5
configure:3589: $? = 0
configure:3637: result: yes
configure:3640: checking for C++ compiler default output file name
configure:3642: result: a.out
configure:3648: checking for suffix of executables
configure:3655: g++ -o conftest    conftest.cpp  >&5
configure:3659: $? = 0
configure:3681: result: 
configure:3703: checking whether we are cross compiling
configure:3711: g++ -o conftest    conftest.cpp  >&5
configure:3715: $? = 0
configure:3722: ./conftest
configure:3726: $? = 0
configure:3741: result: no
configure:3746: checking for suffix of object files
configure:3768: g++ -c   conftest.cpp >&5
configure:3772: $? = 0
configure:3793: result: o
configure:3797: checking whether we are using the GNU C++ compiler
configure:3816: g++ -c   conftest.cpp >&5
configure:3816: $? = 0
configure:3825: result: yes
configure:3834: checking whether g++ accepts -g
configure:3854: g++ -c -g  conftest.cpp >&5
configure:3854: $? = 0
configure:3895: result: yes
configure:3929: checking for style of include used by make
configure:3957: result: GNU
configure:3983: checking dependency style of g++
configure:4094: result: gcc3
configure:4157: checking for gcc
configure:4173: found /usr/bin/gcc
configure:4184: result: gcc
configure:4413: checking for C compiler version
configure:4422: gcc --version >&5
gcc (Ubuntu 4.8.4-2ubuntu1~14.04.3) 4.8.4
Copyright (C) 2013 Free Software Foundation, Inc.
This is free software; see the source for copying conditions.  There is NO
warranty; not even for MERCHANTABILITY or FITNESS FOR A PARTICULAR PURPOSE.

configure:4433: $? = 0
configure:4422: gcc -v >&5
Using built-in specs.
COLLECT_GCC=gcc
COLLECT_LTO_WRAPPER=/usr/lib/gcc/x86_64-linux-gnu/4.8/lto-wrapper
Target: x86_64-linux-gnu
Configured with: ../src/configure -v --with-pkgversion='Ubuntu 4.8.4-2ubuntu1~14.04.3' --with-bugurl=file:///usr/share/doc/gcc-4.8/README.Bugs --enable-languages=c,c++,java,go,d,fortran,objc,obj-c++ --prefix=/usr --program-suffix=-4.8 --enable-shared --enable-linker-build-id --libexecdir=/usr/lib --without-included-gettext --enable-threads=posix --with-gxx-include-dir=/usr/include/c++/4.8 --libdir=/usr/lib --enable-nls --with-sysroot=/ --enable-clocale=gnu --enable-libstdcxx-debug --enable-libstdcxx-time=yes --enable-gnu-unique-object --disable-libmudflap --enable-plugin --with-system-zlib --disable-browser-plugin --enable-java-awt=gtk --enable-gtk-cairo --with-java-home=/usr/lib/jvm/java-1.5.0-gcj-4.8-amd64/jre --enable-java-home --with-jvm-root-dir=/usr/lib/jvm/java-1.5.0-gcj-4.8-amd64 --with-jvm-jar-dir=/usr/lib/jvm-exports/java-1.5.0-gcj-4.8-amd64 --with-arch-directory=amd64 --with-ecj-jar=/usr/share/java/eclipse-ecj.jar --enable-objc-gc --enable-multiarch --disable-werror --with-arch-32=i686 --with-abi=m64 --with-multilib-list=m32,m64,mx32 --with-tune=generic --enable-checking=release --build=x86_64-linux-gnu --host=x86_64-linux-gnu --target=x86_64-linux-gnu
Thread model: posix
gcc version 4.8.4 (Ubuntu 4.8.4-2ubuntu1~14.04.3) 
configure:4433: $? = 0
configure:4422: gcc -V >&5
gcc: error: unrecognized command line option '-V'
gcc: fatal error: no input files
compilation terminated.
configure:4433: $? = 4
configure:4422: gcc -qversion >&5
gcc: error: unrecognized command line option '-qversion'
gcc: fatal error: no input files
compilation terminated.
configure:4433: $? = 4
configure:4437: checking whether we are using the GNU C compiler
configure:4456: gcc -c   conftest.c >&5
configure:4456: $? = 0
configure:4465: result: yes
configure:4474: checking whether gcc accepts -g
configure:4494: gcc -c -g  conftest.c >&5
configure:4494: $? = 0
configure:4535: result: yes
configure:4552: checking for gcc option to accept ISO C89
configure:4615: gcc  -c -g -O2  conftest.c >&5
configure:4615: $? = 0
configure:4628: result: none needed
configure:4653: checking whether gcc understands -c and -o together
configure:4675: gcc -c conftest.c -o conftest2.o
configure:4678: $? = 0
configure:4675: gcc -c conftest.c -o conftest2.o
configure:4678: $? = 0
configure:4690: result: yes
configure:4709: checking dependency style of gcc
configure:4820: result: gcc3
configure:4841: checking how to run the C preprocessor
configure:4872: gcc -E  conftest.c
configure:4872: $? = 0
configure:4886: gcc -E  conftest.c
conftest.c:11:28: fatal error: ac_nonexistent.h: No such file or directory
 #include <ac_nonexistent.h>
                            ^
compilation terminated.
configure:4886: $? = 1
configure: failed program was:
| /* confdefs.h */
| #define PACKAGE_NAME "ODE"
| #define PACKAGE_TARNAME "ode"
| #define PACKAGE_VERSION "0.13"
| #define PACKAGE_STRING "ODE 0.13"
| #define PACKAGE_BUGREPORT "ode@ode.org"
| #define PACKAGE_URL ""
| #define PACKAGE "ode"
| #define VERSION "0.13"
| /* end confdefs.h.  */
| #include <ac_nonexistent.h>
configure:4911: result: gcc -E
configure:4931: gcc -E  conftest.c
configure:4931: $? = 0
configure:4945: gcc -E  conftest.c
conftest.c:11:28: fatal error: ac_nonexistent.h: No such file or directory
 #include <ac_nonexistent.h>
                            ^
compilation terminated.
configure:4945: $? = 1
configure: failed program was:
| /* confdefs.h */
| #define PACKAGE_NAME "ODE"
| #define PACKAGE_TARNAME "ode"
| #define PACKAGE_VERSION "0.13"
| #define PACKAGE_STRING "ODE 0.13"
| #define PACKAGE_BUGREPORT "ode@ode.org"
| #define PACKAGE_URL ""
| #define PACKAGE "ode"
| #define VERSION "0.13"
| /* end confdefs.h.  */
| #include <ac_nonexistent.h>
configure:4977: checking for gawk
configure:5004: result: mawk
configure:5016: checking whether ln -s works
configure:5020: result: yes
configure:5074: checking how to print strings
configure:5101: result: printf
configure:5122: checking for a sed that does not truncate output
configure:5186: result: /bin/sed
configure:5204: checking for grep that handles long lines and -e
configure:5262: result: /bin/grep
configure:5267: checking for egrep
configure:5329: result: /bin/grep -E
configure:5334: checking for fgrep
configure:5396: result: /bin/grep -F
configure:5431: checking for ld used by gcc
configure:5498: result: /usr/bin/ld
configure:5505: checking if the linker (/usr/bin/ld) is GNU ld
configure:5520: result: yes
configure:5532: checking for BSD- or MS-compatible name lister (nm)
configure:5581: result: /usr/bin/nm -B
configure:5711: checking the name lister (/usr/bin/nm -B) interface
configure:5718: gcc -c -g -O2  conftest.c >&5
configure:5721: /usr/bin/nm -B "conftest.o"
configure:5724: output
0000000000000000 B some_variable
configure:5731: result: BSD nm
configure:5735: checking the maximum length of command line arguments
configure:5865: result: 1572864
configure:5882: checking whether the shell understands some XSI constructs
configure:5892: result: yes
configure:5896: checking whether the shell understands "+="
configure:5902: result: yes
configure:5937: checking how to convert x86_64-unknown-linux-gnu file names to x86_64-unknown-linux-gnu format
configure:5977: result: func_convert_file_noop
configure:5984: checking how to convert x86_64-unknown-linux-gnu file names to toolchain format
configure:6004: result: func_convert_file_noop
configure:6011: checking for /usr/bin/ld option to reload object files
configure:6018: result: -r
configure:6092: checking for objdump
configure:6108: found /usr/bin/objdump
configure:6119: result: objdump
configure:6148: checking how to recognize dependent libraries
configure:6350: result: pass_all
configure:6435: checking for dlltool
configure:6465: result: no
configure:6492: checking how to associate runtime and link libraries
configure:6519: result: printf %s\n
configure:6580: checking for ar
configure:6596: found /usr/bin/ar
configure:6607: result: ar
configure:6644: checking for archiver @FILE support
configure:6661: gcc -c -g -O2  conftest.c >&5
configure:6661: $? = 0
configure:6664: ar cru libconftest.a @conftest.lst >&5
configure:6667: $? = 0
configure:6672: ar cru libconftest.a @conftest.lst >&5
ar: conftest.o: No such file or directory
configure:6675: $? = 1
configure:6687: result: @
configure:6745: checking for strip
configure:6761: found /usr/bin/strip
configure:6772: result: strip
configure:6844: checking for ranlib
configure:6860: found /usr/bin/ranlib
configure:6871: result: ranlib
configure:6973: checking command to parse /usr/bin/nm -B output from gcc object
configure:7093: gcc -c -g -O2  conftest.c >&5
configure:7096: $? = 0
configure:7100: /usr/bin/nm -B conftest.o \| sed -n -e 's/^.*[ ]\([ABCDGIRSTW][ABCDGIRSTW]*\)[ ][ ]*\([_A-Za-z][_A-Za-z0-9]*\)$/\1 \2 \2/p' | sed '/ __gnu_lto/d' \> conftest.nm
configure:7103: $? = 0
configure:7169: gcc -o conftest -g -O2   conftest.c conftstm.o >&5
configure:7172: $? = 0
configure:7210: result: ok
configure:7247: checking for sysroot
configure:7277: result: no
configure:7354: gcc -c -g -O2  conftest.c >&5
configure:7357: $? = 0
configure:7533: checking for mt
configure:7549: found /bin/mt
configure:7560: result: mt
configure:7583: checking if mt is a manifest tool
configure:7589: mt '-?'
configure:7597: result: no
configure:8235: checking for ANSI C header files
configure:8255: gcc -c -g -O2  conftest.c >&5
configure:8255: $? = 0
configure:8328: gcc -o conftest -g -O2   conftest.c  >&5
configure:8328: $? = 0
configure:8328: ./conftest
configure:8328: $? = 0
configure:8339: result: yes
configure:8352: checking for sys/types.h
configure:8352: gcc -c -g -O2  conftest.c >&5
configure:8352: $? = 0
configure:8352: result: yes
configure:8352: checking for sys/stat.h
configure:8352: gcc -c -g -O2  conftest.c >&5
configure:8352: $? = 0
configure:8352: result: yes
configure:8352: checking for stdlib.h
configure:8352: gcc -c -g -O2  conftest.c >&5
configure:8352: $? = 0
configure:8352: result: yes
configure:8352: checking for string.h
configure:8352: gcc -c -g -O2  conftest.c >&5
configure:8352: $? = 0
configure:8352: result: yes
configure:8352: checking for memory.h
configure:8352: gcc -c -g -O2  conftest.c >&5
configure:8352: $? = 0
configure:8352: result: yes
configure:8352: checking for strings.h
configure:8352: gcc -c -g -O2  conftest.c >&5
configure:8352: $? = 0
configure:8352: result: yes
configure:8352: checking for inttypes.h
configure:8352: gcc -c -g -O2  conftest.c >&5
configure:8352: $? = 0
configure:8352: result: yes
configure:8352: checking for stdint.h
configure:8352: gcc -c -g -O2  conftest.c >&5
configure:8352: $? = 0
configure:8352: result: yes
configure:8352: checking for unistd.h
configure:8352: gcc -c -g -O2  conftest.c >&5
configure:8352: $? = 0
configure:8352: result: yes
configure:8366: checking for dlfcn.h
configure:8366: gcc -c -g -O2  conftest.c >&5
configure:8366: $? = 0
configure:8366: result: yes
configure:8880: checking for objdir
configure:8895: result: .libs
configure:9166: checking if gcc supports -fno-rtti -fno-exceptions
configure:9184: gcc -c -g -O2  -fno-rtti -fno-exceptions conftest.c >&5
cc1: warning: command line option '-fno-rtti' is valid for C++/ObjC++ but not for C [enabled by default]
configure:9188: $? = 0
configure:9201: result: no
configure:9528: checking for gcc option to produce PIC
configure:9535: result: -fPIC -DPIC
configure:9543: checking if gcc PIC flag -fPIC -DPIC works
configure:9561: gcc -c -g -O2  -fPIC -DPIC -DPIC conftest.c >&5
configure:9565: $? = 0
configure:9578: result: yes
configure:9607: checking if gcc static flag -static works
configure:9635: result: yes
configure:9650: checking if gcc supports -c -o file.o
configure:9671: gcc -c -g -O2  -o out/conftest2.o conftest.c >&5
configure:9675: $? = 0
configure:9697: result: yes
configure:9705: checking if gcc supports -c -o file.o
configure:9752: result: yes
configure:9785: checking whether the gcc linker (/usr/bin/ld -m elf_x86_64) supports shared libraries
configure:10939: result: yes
configure:11179: checking dynamic linker characteristics
configure:11690: gcc -o conftest -g -O2   -Wl,-rpath -Wl,/foo conftest.c  >&5
configure:11690: $? = 0
configure:11714: gcc -c -g -O2  conftest.c >&5
configure:11717: $? = 0
configure:11934: result: GNU/Linux ld.so
configure:12041: checking how to hardcode library paths into programs
configure:12066: result: immediate
configure:12606: checking whether stripping libraries is possible
configure:12611: result: yes
configure:12646: checking if libtool supports shared libraries
configure:12648: result: yes
configure:12651: checking whether to build shared libraries
configure:12672: result: no
configure:12675: checking whether to build static libraries
configure:12679: result: yes
configure:12702: checking how to run the C++ preprocessor
configure:12729: g++ -E  conftest.cpp
configure:12729: $? = 0
configure:12743: g++ -E  conftest.cpp
conftest.cpp:23:28: fatal error: ac_nonexistent.h: No such file or directory
 #include <ac_nonexistent.h>
                            ^
compilation terminated.
configure:12743: $? = 1
configure: failed program was:
| /* confdefs.h */
| #define PACKAGE_NAME "ODE"
| #define PACKAGE_TARNAME "ode"
| #define PACKAGE_VERSION "0.13"
| #define PACKAGE_STRING "ODE 0.13"
| #define PACKAGE_BUGREPORT "ode@ode.org"
| #define PACKAGE_URL ""
| #define PACKAGE "ode"
| #define VERSION "0.13"
| #define STDC_HEADERS 1
| #define HAVE_SYS_TYPES_H 1
| #define HAVE_SYS_STAT_H 1
| #define HAVE_STDLIB_H 1
| #define HAVE_STRING_H 1
| #define HAVE_MEMORY_H 1
| #define HAVE_STRINGS_H 1
| #define HAVE_INTTYPES_H 1
| #define HAVE_STDINT_H 1
| #define HAVE_UNISTD_H 1
| #define HAVE_DLFCN_H 1
| #define LT_OBJDIR ".libs/"
| /* end confdefs.h.  */
| #include <ac_nonexistent.h>
configure:12768: result: g++ -E
configure:12788: g++ -E  conftest.cpp
configure:12788: $? = 0
configure:12802: g++ -E  conftest.cpp
conftest.cpp:23:28: fatal error: ac_nonexistent.h: No such file or directory
 #include <ac_nonexistent.h>
                            ^
compilation terminated.
configure:12802: $? = 1
configure: failed program was:
| /* confdefs.h */
| #define PACKAGE_NAME "ODE"
| #define PACKAGE_TARNAME "ode"
| #define PACKAGE_VERSION "0.13"
| #define PACKAGE_STRING "ODE 0.13"
| #define PACKAGE_BUGREPORT "ode@ode.org"
| #define PACKAGE_URL ""
| #define PACKAGE "ode"
| #define VERSION "0.13"
| #define STDC_HEADERS 1
| #define HAVE_SYS_TYPES_H 1
| #define HAVE_SYS_STAT_H 1
| #define HAVE_STDLIB_H 1
| #define HAVE_STRING_H 1
| #define HAVE_MEMORY_H 1
| #define HAVE_STRINGS_H 1
| #define HAVE_INTTYPES_H 1
| #define HAVE_STDINT_H 1
| #define HAVE_UNISTD_H 1
| #define HAVE_DLFCN_H 1
| #define LT_OBJDIR ".libs/"
| /* end confdefs.h.  */
| #include <ac_nonexistent.h>
configure:12971: checking for ld used by g++
configure:13038: result: /usr/bin/ld -m elf_x86_64
configure:13045: checking if the linker (/usr/bin/ld -m elf_x86_64) is GNU ld
configure:13060: result: yes
configure:13115: checking whether the g++ linker (/usr/bin/ld -m elf_x86_64) supports shared libraries
configure:14121: result: yes
configure:14157: g++ -c -g -O2  conftest.cpp >&5
configure:14160: $? = 0
configure:14680: checking for g++ option to produce PIC
configure:14687: result: -fPIC -DPIC
configure:14695: checking if g++ PIC flag -fPIC -DPIC works
configure:14713: g++ -c -g -O2  -fPIC -DPIC -DPIC conftest.cpp >&5
configure:14717: $? = 0
configure:14730: result: yes
configure:14753: checking if g++ static flag -static works
configure:14781: result: yes
configure:14793: checking if g++ supports -c -o file.o
configure:14814: g++ -c -g -O2  -o out/conftest2.o conftest.cpp >&5
configure:14818: $? = 0
configure:14840: result: yes
configure:14845: checking if g++ supports -c -o file.o
configure:14892: result: yes
configure:14922: checking whether the g++ linker (/usr/bin/ld -m elf_x86_64) supports shared libraries
configure:14961: result: yes
configure:15102: checking dynamic linker characteristics
configure:15571: g++ -c -g -O2  conftest.cpp >&5
configure:15574: $? = 0
configure:15791: result: GNU/Linux ld.so
configure:15844: checking how to hardcode library paths into programs
configure:15869: result: immediate
configure:15979: checking for windres
configure:16009: result: no
configure:16031: checking whether byte ordering is bigendian
configure:16046: gcc -c -g -O2  conftest.c >&5
conftest.c:24:9: error: unknown type name 'not'
         not a universal capable compiler
         ^
conftest.c:24:15: error: expected '=', ',', ';', 'asm' or '__attribute__' before 'universal'
         not a universal capable compiler
               ^
conftest.c:24:15: error: unknown type name 'universal'
configure:16046: $? = 1
configure: failed program was:
| /* confdefs.h */
| #define PACKAGE_NAME "ODE"
| #define PACKAGE_TARNAME "ode"
| #define PACKAGE_VERSION "0.13"
| #define PACKAGE_STRING "ODE 0.13"
| #define PACKAGE_BUGREPORT "ode@ode.org"
| #define PACKAGE_URL ""
| #define PACKAGE "ode"
| #define VERSION "0.13"
| #define STDC_HEADERS 1
| #define HAVE_SYS_TYPES_H 1
| #define HAVE_SYS_STAT_H 1
| #define HAVE_STDLIB_H 1
| #define HAVE_STRING_H 1
| #define HAVE_MEMORY_H 1
| #define HAVE_STRINGS_H 1
| #define HAVE_INTTYPES_H 1
| #define HAVE_STDINT_H 1
| #define HAVE_UNISTD_H 1
| #define HAVE_DLFCN_H 1
| #define LT_OBJDIR ".libs/"
| /* end confdefs.h.  */
| #ifndef __APPLE_CC__
| 	       not a universal capable compiler
| 	     #endif
| 	     typedef int dummy;
| 
configure:16091: gcc -c -g -O2  conftest.c >&5
configure:16091: $? = 0
configure:16109: gcc -c -g -O2  conftest.c >&5
conftest.c: In function 'main':
conftest.c:30:4: error: unknown type name 'not'
    not big endian
    ^
conftest.c:30:12: error: expected '=', ',', ';', 'asm' or '__attribute__' before 'endian'
    not big endian
            ^
configure:16109: $? = 1
configure: failed program was:
| /* confdefs.h */
| #define PACKAGE_NAME "ODE"
| #define PACKAGE_TARNAME "ode"
| #define PACKAGE_VERSION "0.13"
| #define PACKAGE_STRING "ODE 0.13"
| #define PACKAGE_BUGREPORT "ode@ode.org"
| #define PACKAGE_URL ""
| #define PACKAGE "ode"
| #define VERSION "0.13"
| #define STDC_HEADERS 1
| #define HAVE_SYS_TYPES_H 1
| #define HAVE_SYS_STAT_H 1
| #define HAVE_STDLIB_H 1
| #define HAVE_STRING_H 1
| #define HAVE_MEMORY_H 1
| #define HAVE_STRINGS_H 1
| #define HAVE_INTTYPES_H 1
| #define HAVE_STDINT_H 1
| #define HAVE_UNISTD_H 1
| #define HAVE_DLFCN_H 1
| #define LT_OBJDIR ".libs/"
| /* end confdefs.h.  */
| #include <sys/types.h>
| 		#include <sys/param.h>
| 
| int
| main ()
| {
| #if BYTE_ORDER != BIG_ENDIAN
| 		 not big endian
| 		#endif
| 
|   ;
|   return 0;
| }
configure:16237: result: no
configure:16255: checking for inline
configure:16271: gcc -c -g -O2  conftest.c >&5
configure:16271: $? = 0
configure:16279: result: inline
configure:16297: checking for working volatile
configure:16316: gcc -c -g -O2  conftest.c >&5
configure:16316: $? = 0
configure:16323: result: yes
configure:16384: checking for pkg-config
configure:16402: found /usr/bin/pkg-config
configure:16414: result: /usr/bin/pkg-config
configure:16439: checking pkg-config is at least version 0.9.0
configure:16442: result: yes
configure:16489: checking alloca.h usability
configure:16489: gcc -c -g -O2  conftest.c >&5
configure:16489: $? = 0
configure:16489: result: yes
configure:16489: checking alloca.h presence
configure:16489: gcc -E  conftest.c
configure:16489: $? = 0
configure:16489: result: yes
configure:16489: checking for alloca.h
configure:16489: result: yes
configure:16489: checking stdio.h usability
configure:16489: gcc -c -g -O2  conftest.c >&5
configure:16489: $? = 0
configure:16489: result: yes
configure:16489: checking stdio.h presence
configure:16489: gcc -E  conftest.c
configure:16489: $? = 0
configure:16489: result: yes
configure:16489: checking for stdio.h
configure:16489: result: yes
configure:16489: checking for inttypes.h
configure:16489: result: yes
configure:16489: checking for stdint.h
configure:16489: result: yes
configure:16489: checking for stdlib.h
configure:16489: result: yes
configure:16489: checking math.h usability
configure:16489: gcc -c -g -O2  conftest.c >&5
configure:16489: $? = 0
configure:16489: result: yes
configure:16489: checking math.h presence
configure:16489: gcc -E  conftest.c
configure:16489: $? = 0
configure:16489: result: yes
configure:16489: checking for math.h
configure:16489: result: yes
configure:16489: checking for string.h
configure:16489: result: yes
configure:16489: checking stdarg.h usability
configure:16489: gcc -c -g -O2  conftest.c >&5
configure:16489: $? = 0
configure:16489: result: yes
configure:16489: checking stdarg.h presence
configure:16489: gcc -E  conftest.c
configure:16489: $? = 0
configure:16489: result: yes
configure:16489: checking for stdarg.h
configure:16489: result: yes
configure:16489: checking malloc.h usability
configure:16489: gcc -c -g -O2  conftest.c >&5
configure:16489: $? = 0
configure:16489: result: yes
configure:16489: checking malloc.h presence
configure:16489: gcc -E  conftest.c
configure:16489: $? = 0
configure:16489: result: yes
configure:16489: checking for malloc.h
configure:16489: result: yes
configure:16489: checking float.h usability
configure:16489: gcc -c -g -O2  conftest.c >&5
configure:16489: $? = 0
configure:16489: result: yes
configure:16489: checking float.h presence
configure:16489: gcc -E  conftest.c
configure:16489: $? = 0
configure:16489: result: yes
configure:16489: checking for float.h
configure:16489: result: yes
configure:16489: checking time.h usability
configure:16489: gcc -c -g -O2  conftest.c >&5
configure:16489: $? = 0
configure:16489: result: yes
configure:16489: checking time.h presence
configure:16489: gcc -E  conftest.c
configure:16489: $? = 0
configure:16489: result: yes
configure:16489: checking for time.h
configure:16489: result: yes
configure:16489: checking sys/time.h usability
configure:16489: gcc -c -g -O2  conftest.c >&5
configure:16489: $? = 0
configure:16489: result: yes
configure:16489: checking sys/time.h presence
configure:16489: gcc -E  conftest.c
configure:16489: $? = 0
configure:16489: result: yes
configure:16489: checking for sys/time.h
configure:16489: result: yes
configure:16489: checking limits.h usability
configure:16489: gcc -c -g -O2  conftest.c >&5
configure:16489: $? = 0
configure:16489: result: yes
configure:16489: checking limits.h presence
configure:16489: gcc -E  conftest.c
configure:16489: $? = 0
configure:16489: result: yes
configure:16489: checking for limits.h
configure:16489: result: yes
configure:16489: checking stddef.h usability
configure:16489: gcc -c -g -O2  conftest.c >&5
configure:16489: $? = 0
configure:16489: result: yes
configure:16489: checking stddef.h presence
configure:16489: gcc -E  conftest.c
configure:16489: $? = 0
configure:16489: result: yes
configure:16489: checking for stddef.h
configure:16489: result: yes
configure:16547: checking if double precision is requested
configure:16556: result: yes
configure:16603: checking which drawstuff lib to build
configure:16605: result: X11
configure:16614: checking for X11
configure:16621: $PKG_CONFIG --exists --print-errors "x11"
configure:16624: $? = 0
configure:16637: $PKG_CONFIG --exists --print-errors "x11"
configure:16640: $? = 0
configure:16677: result: yes
configure:16693: checking for GL/gl.h
configure:16693: gcc -c -g -O2  conftest.c >&5
configure:16693: $? = 0
configure:16693: result: yes
configure:16693: checking for GL/glu.h
configure:16693: gcc -c -g -O2  conftest.c >&5
configure:16693: $? = 0
configure:16693: result: yes
configure:16693: checking for GL/glext.h
configure:16693: gcc -c -g -O2  conftest.c >&5
configure:16693: $? = 0
configure:16693: result: yes
configure:16718: checking for main in -lGL
configure:16737: gcc -o conftest -g -O2   conftest.c -lGL   >&5
configure:16737: $? = 0
configure:16746: result: yes
configure:16752: checking for main in -lGLU
configure:16771: gcc -o conftest -g -O2   conftest.c -lGLU -lGL  >&5
configure:16771: $? = 0
configure:16780: result: yes
configure:16786: checking for main in -lopengl32
configure:16805: gcc -o conftest -g -O2   conftest.c -lopengl32   >&5
/usr/bin/ld: cannot find -lopengl32
collect2: error: ld returned 1 exit status
configure:16805: $? = 1
configure: failed program was:
| /* confdefs.h */
| #define PACKAGE_NAME "ODE"
| #define PACKAGE_TARNAME "ode"
| #define PACKAGE_VERSION "0.13"
| #define PACKAGE_STRING "ODE 0.13"
| #define PACKAGE_BUGREPORT "ode@ode.org"
| #define PACKAGE_URL ""
| #define PACKAGE "ode"
| #define VERSION "0.13"
| #define STDC_HEADERS 1
| #define HAVE_SYS_TYPES_H 1
| #define HAVE_SYS_STAT_H 1
| #define HAVE_STDLIB_H 1
| #define HAVE_STRING_H 1
| #define HAVE_MEMORY_H 1
| #define HAVE_STRINGS_H 1
| #define HAVE_INTTYPES_H 1
| #define HAVE_STDINT_H 1
| #define HAVE_UNISTD_H 1
| #define HAVE_DLFCN_H 1
| #define LT_OBJDIR ".libs/"
| #define X86_64_SYSTEM 1
| #define HAVE_ALLOCA_H 1
| #define HAVE_STDIO_H 1
| #define HAVE_INTTYPES_H 1
| #define HAVE_STDINT_H 1
| #define HAVE_STDLIB_H 1
| #define HAVE_MATH_H 1
| #define HAVE_STRING_H 1
| #define HAVE_STDARG_H 1
| #define HAVE_MALLOC_H 1
| #define HAVE_FLOAT_H 1
| #define HAVE_TIME_H 1
| #define HAVE_SYS_TIME_H 1
| #define HAVE_LIMITS_H 1
| #define HAVE_STDDEF_H 1
| #define HAVE_GL_GL_H 1
| #define HAVE_GL_GLU_H 1
| #define HAVE_GL_GLEXT_H 1
| /* end confdefs.h.  */
| 
| 
| int
| main ()
| {
| return main ();
|   ;
|   return 0;
| }
configure:16814: result: no
configure:16820: checking for main in -lglu32
configure:16839: gcc -o conftest -g -O2   conftest.c -lglu32 -lopengl32  >&5
/usr/bin/ld: cannot find -lglu32
/usr/bin/ld: cannot find -lopengl32
collect2: error: ld returned 1 exit status
configure:16839: $? = 1
configure: failed program was:
| /* confdefs.h */
| #define PACKAGE_NAME "ODE"
| #define PACKAGE_TARNAME "ode"
| #define PACKAGE_VERSION "0.13"
| #define PACKAGE_STRING "ODE 0.13"
| #define PACKAGE_BUGREPORT "ode@ode.org"
| #define PACKAGE_URL ""
| #define PACKAGE "ode"
| #define VERSION "0.13"
| #define STDC_HEADERS 1
| #define HAVE_SYS_TYPES_H 1
| #define HAVE_SYS_STAT_H 1
| #define HAVE_STDLIB_H 1
| #define HAVE_STRING_H 1
| #define HAVE_MEMORY_H 1
| #define HAVE_STRINGS_H 1
| #define HAVE_INTTYPES_H 1
| #define HAVE_STDINT_H 1
| #define HAVE_UNISTD_H 1
| #define HAVE_DLFCN_H 1
| #define LT_OBJDIR ".libs/"
| #define X86_64_SYSTEM 1
| #define HAVE_ALLOCA_H 1
| #define HAVE_STDIO_H 1
| #define HAVE_INTTYPES_H 1
| #define HAVE_STDINT_H 1
| #define HAVE_STDLIB_H 1
| #define HAVE_MATH_H 1
| #define HAVE_STRING_H 1
| #define HAVE_STDARG_H 1
| #define HAVE_MALLOC_H 1
| #define HAVE_FLOAT_H 1
| #define HAVE_TIME_H 1
| #define HAVE_SYS_TIME_H 1
| #define HAVE_LIMITS_H 1
| #define HAVE_STDDEF_H 1
| #define HAVE_GL_GL_H 1
| #define HAVE_GL_GLU_H 1
| #define HAVE_GL_GLEXT_H 1
| /* end confdefs.h.  */
| 
| 
| int
| main ()
| {
| return main ();
|   ;
|   return 0;
| }
configure:16848: result: no
configure:16894: checking if demos should be built
configure:16910: result: yes
configure:16915: checking for main in -lstdc++
configure:16934: gcc -o conftest -g -O2   conftest.c -lstdc++   >&5
configure:16934: $? = 0
configure:16943: result: yes
configure:16952: checking for main in -lpthread
configure:16971: gcc -o conftest -g -O2   conftest.c -lpthread   >&5
configure:16971: $? = 0
configure:16980: result: yes
configure:17014: checking for gprof
configure:17064: result: no
configure:17069: checking for stdbool.h that conforms to C99
configure:17136: gcc -c -g -O2  conftest.c >&5
configure:17136: $? = 0
configure:17143: result: yes
configure:17145: checking for _Bool
configure:17145: gcc -c -g -O2  conftest.c >&5
configure:17145: $? = 0
configure:17145: gcc -c -g -O2  conftest.c >&5
conftest.c: In function 'main':
conftest.c:77:20: error: expected expression before ')' token
 if (sizeof ((_Bool)))
                    ^
configure:17145: $? = 1
configure: failed program was:
| /* confdefs.h */
| #define PACKAGE_NAME "ODE"
| #define PACKAGE_TARNAME "ode"
| #define PACKAGE_VERSION "0.13"
| #define PACKAGE_STRING "ODE 0.13"
| #define PACKAGE_BUGREPORT "ode@ode.org"
| #define PACKAGE_URL ""
| #define PACKAGE "ode"
| #define VERSION "0.13"
| #define STDC_HEADERS 1
| #define HAVE_SYS_TYPES_H 1
| #define HAVE_SYS_STAT_H 1
| #define HAVE_STDLIB_H 1
| #define HAVE_STRING_H 1
| #define HAVE_MEMORY_H 1
| #define HAVE_STRINGS_H 1
| #define HAVE_INTTYPES_H 1
| #define HAVE_STDINT_H 1
| #define HAVE_UNISTD_H 1
| #define HAVE_DLFCN_H 1
| #define LT_OBJDIR ".libs/"
| #define X86_64_SYSTEM 1
| #define HAVE_ALLOCA_H 1
| #define HAVE_STDIO_H 1
| #define HAVE_INTTYPES_H 1
| #define HAVE_STDINT_H 1
| #define HAVE_STDLIB_H 1
| #define HAVE_MATH_H 1
| #define HAVE_STRING_H 1
| #define HAVE_STDARG_H 1
| #define HAVE_MALLOC_H 1
| #define HAVE_FLOAT_H 1
| #define HAVE_TIME_H 1
| #define HAVE_SYS_TIME_H 1
| #define HAVE_LIMITS_H 1
| #define HAVE_STDDEF_H 1
| #define HAVE_GL_GL_H 1
| #define HAVE_GL_GLU_H 1
| #define HAVE_GL_GLEXT_H 1
| /* end confdefs.h.  */
| #include <stdio.h>
| #ifdef HAVE_SYS_TYPES_H
| # include <sys/types.h>
| #endif
| #ifdef HAVE_SYS_STAT_H
| # include <sys/stat.h>
| #endif
| #ifdef STDC_HEADERS
| # include <stdlib.h>
| # include <stddef.h>
| #else
| # ifdef HAVE_STDLIB_H
| #  include <stdlib.h>
| # endif
| #endif
| #ifdef HAVE_STRING_H
| # if !defined STDC_HEADERS && defined HAVE_MEMORY_H
| #  include <memory.h>
| # endif
| # include <string.h>
| #endif
| #ifdef HAVE_STRINGS_H
| # include <strings.h>
| #endif
| #ifdef HAVE_INTTYPES_H
| # include <inttypes.h>
| #endif
| #ifdef HAVE_STDINT_H
| # include <stdint.h>
| #endif
| #ifdef HAVE_UNISTD_H
| # include <unistd.h>
| #endif
| int
| main ()
| {
| if (sizeof ((_Bool)))
| 	    return 0;
|   ;
|   return 0;
| }
configure:17145: result: yes
configure:17162: checking for inline
configure:17186: result: inline
configure:17204: checking for int32_t
configure:17204: gcc -c -g -O2  conftest.c >&5
configure:17204: $? = 0
configure:17204: gcc -c -g -O2  conftest.c >&5
conftest.c: In function 'main':
conftest.c:81:53: warning: integer overflow in expression [-Woverflow]
    < (int32_t) (((((int32_t) 1 << N) << N) - 1) * 2 + 2))];
                                                     ^
conftest.c:80:12: error: storage size of 'test_array' isn't constant
 static int test_array [1 - 2 * !((int32_t) (((((int32_t) 1 << N) << N) - 1) * 2 + 1)
            ^
configure:17204: $? = 1
configure: failed program was:
| /* confdefs.h */
| #define PACKAGE_NAME "ODE"
| #define PACKAGE_TARNAME "ode"
| #define PACKAGE_VERSION "0.13"
| #define PACKAGE_STRING "ODE 0.13"
| #define PACKAGE_BUGREPORT "ode@ode.org"
| #define PACKAGE_URL ""
| #define PACKAGE "ode"
| #define VERSION "0.13"
| #define STDC_HEADERS 1
| #define HAVE_SYS_TYPES_H 1
| #define HAVE_SYS_STAT_H 1
| #define HAVE_STDLIB_H 1
| #define HAVE_STRING_H 1
| #define HAVE_MEMORY_H 1
| #define HAVE_STRINGS_H 1
| #define HAVE_INTTYPES_H 1
| #define HAVE_STDINT_H 1
| #define HAVE_UNISTD_H 1
| #define HAVE_DLFCN_H 1
| #define LT_OBJDIR ".libs/"
| #define X86_64_SYSTEM 1
| #define HAVE_ALLOCA_H 1
| #define HAVE_STDIO_H 1
| #define HAVE_INTTYPES_H 1
| #define HAVE_STDINT_H 1
| #define HAVE_STDLIB_H 1
| #define HAVE_MATH_H 1
| #define HAVE_STRING_H 1
| #define HAVE_STDARG_H 1
| #define HAVE_MALLOC_H 1
| #define HAVE_FLOAT_H 1
| #define HAVE_TIME_H 1
| #define HAVE_SYS_TIME_H 1
| #define HAVE_LIMITS_H 1
| #define HAVE_STDDEF_H 1
| #define HAVE_GL_GL_H 1
| #define HAVE_GL_GLU_H 1
| #define HAVE_GL_GLEXT_H 1
| #define HAVE__BOOL 1
| #define HAVE_STDBOOL_H 1
| /* end confdefs.h.  */
| #include <stdio.h>
| #ifdef HAVE_SYS_TYPES_H
| # include <sys/types.h>
| #endif
| #ifdef HAVE_SYS_STAT_H
| # include <sys/stat.h>
| #endif
| #ifdef STDC_HEADERS
| # include <stdlib.h>
| # include <stddef.h>
| #else
| # ifdef HAVE_STDLIB_H
| #  include <stdlib.h>
| # endif
| #endif
| #ifdef HAVE_STRING_H
| # if !defined STDC_HEADERS && defined HAVE_MEMORY_H
| #  include <memory.h>
| # endif
| # include <string.h>
| #endif
| #ifdef HAVE_STRINGS_H
| # include <strings.h>
| #endif
| #ifdef HAVE_INTTYPES_H
| # include <inttypes.h>
| #endif
| #ifdef HAVE_STDINT_H
| # include <stdint.h>
| #endif
| #ifdef HAVE_UNISTD_H
| # include <unistd.h>
| #endif
| 	        enum { N = 32 / 2 - 1 };
| int
| main ()
| {
| static int test_array [1 - 2 * !((int32_t) (((((int32_t) 1 << N) << N) - 1) * 2 + 1)
| 		 < (int32_t) (((((int32_t) 1 << N) << N) - 1) * 2 + 2))];
| test_array [0] = 0;
| return test_array [0];
| 
|   ;
|   return 0;
| }
configure:17204: result: yes
configure:17215: checking for obstacks
configure:17236: gcc -o conftest -g -O2   conftest.c  -lpthread >&5
configure:17236: $? = 0
configure:17244: result: yes
configure:17259: checking for size_t
configure:17259: gcc -c -g -O2  conftest.c >&5
configure:17259: $? = 0
configure:17259: gcc -c -g -O2  conftest.c >&5
conftest.c: In function 'main':
conftest.c:80:21: error: expected expression before ')' token
 if (sizeof ((size_t)))
                     ^
configure:17259: $? = 1
configure: failed program was:
| /* confdefs.h */
| #define PACKAGE_NAME "ODE"
| #define PACKAGE_TARNAME "ode"
| #define PACKAGE_VERSION "0.13"
| #define PACKAGE_STRING "ODE 0.13"
| #define PACKAGE_BUGREPORT "ode@ode.org"
| #define PACKAGE_URL ""
| #define PACKAGE "ode"
| #define VERSION "0.13"
| #define STDC_HEADERS 1
| #define HAVE_SYS_TYPES_H 1
| #define HAVE_SYS_STAT_H 1
| #define HAVE_STDLIB_H 1
| #define HAVE_STRING_H 1
| #define HAVE_MEMORY_H 1
| #define HAVE_STRINGS_H 1
| #define HAVE_INTTYPES_H 1
| #define HAVE_STDINT_H 1
| #define HAVE_UNISTD_H 1
| #define HAVE_DLFCN_H 1
| #define LT_OBJDIR ".libs/"
| #define X86_64_SYSTEM 1
| #define HAVE_ALLOCA_H 1
| #define HAVE_STDIO_H 1
| #define HAVE_INTTYPES_H 1
| #define HAVE_STDINT_H 1
| #define HAVE_STDLIB_H 1
| #define HAVE_MATH_H 1
| #define HAVE_STRING_H 1
| #define HAVE_STDARG_H 1
| #define HAVE_MALLOC_H 1
| #define HAVE_FLOAT_H 1
| #define HAVE_TIME_H 1
| #define HAVE_SYS_TIME_H 1
| #define HAVE_LIMITS_H 1
| #define HAVE_STDDEF_H 1
| #define HAVE_GL_GL_H 1
| #define HAVE_GL_GLU_H 1
| #define HAVE_GL_GLEXT_H 1
| #define HAVE__BOOL 1
| #define HAVE_STDBOOL_H 1
| #define HAVE_OBSTACK 1
| /* end confdefs.h.  */
| #include <stdio.h>
| #ifdef HAVE_SYS_TYPES_H
| # include <sys/types.h>
| #endif
| #ifdef HAVE_SYS_STAT_H
| # include <sys/stat.h>
| #endif
| #ifdef STDC_HEADERS
| # include <stdlib.h>
| # include <stddef.h>
| #else
| # ifdef HAVE_STDLIB_H
| #  include <stdlib.h>
| # endif
| #endif
| #ifdef HAVE_STRING_H
| # if !defined STDC_HEADERS && defined HAVE_MEMORY_H
| #  include <memory.h>
| # endif
| # include <string.h>
| #endif
| #ifdef HAVE_STRINGS_H
| # include <strings.h>
| #endif
| #ifdef HAVE_INTTYPES_H
| # include <inttypes.h>
| #endif
| #ifdef HAVE_STDINT_H
| # include <stdint.h>
| #endif
| #ifdef HAVE_UNISTD_H
| # include <unistd.h>
| #endif
| int
| main ()
| {
| if (sizeof ((size_t)))
| 	    return 0;
|   ;
|   return 0;
| }
configure:17259: result: yes
configure:17270: checking for uint32_t
configure:17270: gcc -c -g -O2  conftest.c >&5
configure:17270: $? = 0
configure:17270: result: yes
configure:17285: checking for main in -lm
configure:17304: gcc -o conftest -g -O2   conftest.c -lm   -lpthread >&5
configure:17304: $? = 0
configure:17313: result: yes
configure:17324: checking for main in -lsunmath
configure:17343: gcc -o conftest -g -O2   conftest.c -lsunmath  -lm  -lpthread >&5
/usr/bin/ld: cannot find -lsunmath
collect2: error: ld returned 1 exit status
configure:17343: $? = 1
configure: failed program was:
| /* confdefs.h */
| #define PACKAGE_NAME "ODE"
| #define PACKAGE_TARNAME "ode"
| #define PACKAGE_VERSION "0.13"
| #define PACKAGE_STRING "ODE 0.13"
| #define PACKAGE_BUGREPORT "ode@ode.org"
| #define PACKAGE_URL ""
| #define PACKAGE "ode"
| #define VERSION "0.13"
| #define STDC_HEADERS 1
| #define HAVE_SYS_TYPES_H 1
| #define HAVE_SYS_STAT_H 1
| #define HAVE_STDLIB_H 1
| #define HAVE_STRING_H 1
| #define HAVE_MEMORY_H 1
| #define HAVE_STRINGS_H 1
| #define HAVE_INTTYPES_H 1
| #define HAVE_STDINT_H 1
| #define HAVE_UNISTD_H 1
| #define HAVE_DLFCN_H 1
| #define LT_OBJDIR ".libs/"
| #define X86_64_SYSTEM 1
| #define HAVE_ALLOCA_H 1
| #define HAVE_STDIO_H 1
| #define HAVE_INTTYPES_H 1
| #define HAVE_STDINT_H 1
| #define HAVE_STDLIB_H 1
| #define HAVE_MATH_H 1
| #define HAVE_STRING_H 1
| #define HAVE_STDARG_H 1
| #define HAVE_MALLOC_H 1
| #define HAVE_FLOAT_H 1
| #define HAVE_TIME_H 1
| #define HAVE_SYS_TIME_H 1
| #define HAVE_LIMITS_H 1
| #define HAVE_STDDEF_H 1
| #define HAVE_GL_GL_H 1
| #define HAVE_GL_GLU_H 1
| #define HAVE_GL_GLEXT_H 1
| #define HAVE__BOOL 1
| #define HAVE_STDBOOL_H 1
| #define HAVE_OBSTACK 1
| #define HAVE_LIBM 1
| /* end confdefs.h.  */
| 
| 
| int
| main ()
| {
| return main ();
|   ;
|   return 0;
| }
configure:17352: result: no
configure:17366: checking for floor
configure:17366: gcc -o conftest -g -O2   conftest.c -lm  -lpthread >&5
conftest.c:68:6: warning: conflicting types for built-in function 'floor' [enabled by default]
 char floor ();
      ^
configure:17366: $? = 0
configure:17366: result: yes
configure:17366: checking for memmove
configure:17366: gcc -o conftest -g -O2   conftest.c -lm  -lpthread >&5
conftest.c:69:6: warning: conflicting types for built-in function 'memmove' [enabled by default]
 char memmove ();
      ^
configure:17366: $? = 0
configure:17366: result: yes
configure:17366: checking for memset
configure:17366: gcc -o conftest -g -O2   conftest.c -lm  -lpthread >&5
conftest.c:70:6: warning: conflicting types for built-in function 'memset' [enabled by default]
 char memset ();
      ^
configure:17366: $? = 0
configure:17366: result: yes
configure:17366: checking for sqrt
configure:17366: gcc -o conftest -g -O2   conftest.c -lm  -lpthread >&5
conftest.c:71:6: warning: conflicting types for built-in function 'sqrt' [enabled by default]
 char sqrt ();
      ^
configure:17366: $? = 0
configure:17366: result: yes
configure:17366: checking for sqrtf
configure:17366: gcc -o conftest -g -O2   conftest.c -lm  -lpthread >&5
conftest.c:72:6: warning: conflicting types for built-in function 'sqrtf' [enabled by default]
 char sqrtf ();
      ^
configure:17366: $? = 0
configure:17366: result: yes
configure:17366: checking for sinf
configure:17366: gcc -o conftest -g -O2   conftest.c -lm  -lpthread >&5
conftest.c:73:6: warning: conflicting types for built-in function 'sinf' [enabled by default]
 char sinf ();
      ^
configure:17366: $? = 0
configure:17366: result: yes
configure:17366: checking for cosf
configure:17366: gcc -o conftest -g -O2   conftest.c -lm  -lpthread >&5
conftest.c:74:6: warning: conflicting types for built-in function 'cosf' [enabled by default]
 char cosf ();
      ^
configure:17366: $? = 0
configure:17366: result: yes
configure:17366: checking for fabsf
configure:17366: gcc -o conftest -g -O2   conftest.c -lm  -lpthread >&5
conftest.c:75:6: warning: conflicting types for built-in function 'fabsf' [enabled by default]
 char fabsf ();
      ^
configure:17366: $? = 0
configure:17366: result: yes
configure:17366: checking for atan2f
configure:17366: gcc -o conftest -g -O2   conftest.c -lm  -lpthread >&5
conftest.c:76:6: warning: conflicting types for built-in function 'atan2f' [enabled by default]
 char atan2f ();
      ^
configure:17366: $? = 0
configure:17366: result: yes
configure:17366: checking for fmodf
configure:17366: gcc -o conftest -g -O2   conftest.c -lm  -lpthread >&5
conftest.c:77:6: warning: conflicting types for built-in function 'fmodf' [enabled by default]
 char fmodf ();
      ^
configure:17366: $? = 0
configure:17366: result: yes
configure:17366: checking for copysignf
configure:17366: gcc -o conftest -g -O2   conftest.c -lm  -lpthread >&5
conftest.c:78:6: warning: conflicting types for built-in function 'copysignf' [enabled by default]
 char copysignf ();
      ^
configure:17366: $? = 0
configure:17366: result: yes
configure:17366: checking for copysign
configure:17366: gcc -o conftest -g -O2   conftest.c -lm  -lpthread >&5
conftest.c:79:6: warning: conflicting types for built-in function 'copysign' [enabled by default]
 char copysign ();
      ^
configure:17366: $? = 0
configure:17366: result: yes
configure:17366: checking for snprintf
configure:17366: gcc -o conftest -g -O2   conftest.c -lm  -lpthread >&5
conftest.c:80:6: warning: conflicting types for built-in function 'snprintf' [enabled by default]
 char snprintf ();
      ^
configure:17366: $? = 0
configure:17366: result: yes
configure:17366: checking for vsnprintf
configure:17366: gcc -o conftest -g -O2   conftest.c -lm  -lpthread >&5
conftest.c:81:6: warning: conflicting types for built-in function 'vsnprintf' [enabled by default]
 char vsnprintf ();
      ^
configure:17366: $? = 0
configure:17366: result: yes
configure:17366: checking for gettimeofday
configure:17366: gcc -o conftest -g -O2   conftest.c -lm  -lpthread >&5
configure:17366: $? = 0
configure:17366: result: yes
configure:17366: checking for isnan
configure:17366: gcc -o conftest -g -O2   conftest.c -lm  -lpthread >&5
conftest.c:83:6: warning: conflicting types for built-in function 'isnan' [enabled by default]
 char isnan ();
      ^
configure:17366: $? = 0
configure:17366: result: yes
configure:17366: checking for isnanf
configure:17366: gcc -o conftest -g -O2   conftest.c -lm  -lpthread >&5
conftest.c:84:6: warning: conflicting types for built-in function 'isnanf' [enabled by default]
 char isnanf ();
      ^
configure:17366: $? = 0
configure:17366: result: yes
configure:17366: checking for _isnan
configure:17366: gcc -o conftest -g -O2   conftest.c -lm  -lpthread >&5
/tmp/ccM2HukW.o: In function `main':
/home/bb8/Documents/ode-0.13/conftest.c:96: undefined reference to `_isnan'
collect2: error: ld returned 1 exit status
configure:17366: $? = 1
configure: failed program was:
| /* confdefs.h */
| #define PACKAGE_NAME "ODE"
| #define PACKAGE_TARNAME "ode"
| #define PACKAGE_VERSION "0.13"
| #define PACKAGE_STRING "ODE 0.13"
| #define PACKAGE_BUGREPORT "ode@ode.org"
| #define PACKAGE_URL ""
| #define PACKAGE "ode"
| #define VERSION "0.13"
| #define STDC_HEADERS 1
| #define HAVE_SYS_TYPES_H 1
| #define HAVE_SYS_STAT_H 1
| #define HAVE_STDLIB_H 1
| #define HAVE_STRING_H 1
| #define HAVE_MEMORY_H 1
| #define HAVE_STRINGS_H 1
| #define HAVE_INTTYPES_H 1
| #define HAVE_STDINT_H 1
| #define HAVE_UNISTD_H 1
| #define HAVE_DLFCN_H 1
| #define LT_OBJDIR ".libs/"
| #define X86_64_SYSTEM 1
| #define HAVE_ALLOCA_H 1
| #define HAVE_STDIO_H 1
| #define HAVE_INTTYPES_H 1
| #define HAVE_STDINT_H 1
| #define HAVE_STDLIB_H 1
| #define HAVE_MATH_H 1
| #define HAVE_STRING_H 1
| #define HAVE_STDARG_H 1
| #define HAVE_MALLOC_H 1
| #define HAVE_FLOAT_H 1
| #define HAVE_TIME_H 1
| #define HAVE_SYS_TIME_H 1
| #define HAVE_LIMITS_H 1
| #define HAVE_STDDEF_H 1
| #define HAVE_GL_GL_H 1
| #define HAVE_GL_GLU_H 1
| #define HAVE_GL_GLEXT_H 1
| #define HAVE__BOOL 1
| #define HAVE_STDBOOL_H 1
| #define HAVE_OBSTACK 1
| #define HAVE_LIBM 1
| #define HAVE_FLOOR 1
| #define HAVE_MEMMOVE 1
| #define HAVE_MEMSET 1
| #define HAVE_SQRT 1
| #define HAVE_SQRTF 1
| #define HAVE_SINF 1
| #define HAVE_COSF 1
| #define HAVE_FABSF 1
| #define HAVE_ATAN2F 1
| #define HAVE_FMODF 1
| #define HAVE_COPYSIGNF 1
| #define HAVE_COPYSIGN 1
| #define HAVE_SNPRINTF 1
| #define HAVE_VSNPRINTF 1
| #define HAVE_GETTIMEOFDAY 1
| #define HAVE_ISNAN 1
| #define HAVE_ISNANF 1
| /* end confdefs.h.  */
| /* Define _isnan to an innocuous variant, in case <limits.h> declares _isnan.
|    For example, HP-UX 11i <limits.h> declares gettimeofday.  */
| #define _isnan innocuous__isnan
| 
| /* System header to define __stub macros and hopefully few prototypes,
|     which can conflict with char _isnan (); below.
|     Prefer <limits.h> to <assert.h> if __STDC__ is defined, since
|     <limits.h> exists even on freestanding compilers.  */
| 
| #ifdef __STDC__
| # include <limits.h>
| #else
| # include <assert.h>
| #endif
| 
| #undef _isnan
| 
| /* Override any GCC internal prototype to avoid an error.
|    Use char because int might match the return type of a GCC
|    builtin and then its argument prototype would still apply.  */
| #ifdef __cplusplus
| extern "C"
| #endif
| char _isnan ();
| /* The GNU C library defines this for functions which it implements
|     to always fail with ENOSYS.  Some functions are actually named
|     something starting with __ and the normal name is an alias.  */
| #if defined __stub__isnan || defined __stub____isnan
| choke me
| #endif
| 
| int
| main ()
| {
| return _isnan ();
|   ;
|   return 0;
| }
configure:17366: result: no
configure:17366: checking for _isnanf
configure:17366: gcc -o conftest -g -O2   conftest.c -lm  -lpthread >&5
/tmp/ccBNqoJY.o: In function `main':
/home/bb8/Documents/ode-0.13/conftest.c:96: undefined reference to `_isnanf'
collect2: error: ld returned 1 exit status
configure:17366: $? = 1
configure: failed program was:
| /* confdefs.h */
| #define PACKAGE_NAME "ODE"
| #define PACKAGE_TARNAME "ode"
| #define PACKAGE_VERSION "0.13"
| #define PACKAGE_STRING "ODE 0.13"
| #define PACKAGE_BUGREPORT "ode@ode.org"
| #define PACKAGE_URL ""
| #define PACKAGE "ode"
| #define VERSION "0.13"
| #define STDC_HEADERS 1
| #define HAVE_SYS_TYPES_H 1
| #define HAVE_SYS_STAT_H 1
| #define HAVE_STDLIB_H 1
| #define HAVE_STRING_H 1
| #define HAVE_MEMORY_H 1
| #define HAVE_STRINGS_H 1
| #define HAVE_INTTYPES_H 1
| #define HAVE_STDINT_H 1
| #define HAVE_UNISTD_H 1
| #define HAVE_DLFCN_H 1
| #define LT_OBJDIR ".libs/"
| #define X86_64_SYSTEM 1
| #define HAVE_ALLOCA_H 1
| #define HAVE_STDIO_H 1
| #define HAVE_INTTYPES_H 1
| #define HAVE_STDINT_H 1
| #define HAVE_STDLIB_H 1
| #define HAVE_MATH_H 1
| #define HAVE_STRING_H 1
| #define HAVE_STDARG_H 1
| #define HAVE_MALLOC_H 1
| #define HAVE_FLOAT_H 1
| #define HAVE_TIME_H 1
| #define HAVE_SYS_TIME_H 1
| #define HAVE_LIMITS_H 1
| #define HAVE_STDDEF_H 1
| #define HAVE_GL_GL_H 1
| #define HAVE_GL_GLU_H 1
| #define HAVE_GL_GLEXT_H 1
| #define HAVE__BOOL 1
| #define HAVE_STDBOOL_H 1
| #define HAVE_OBSTACK 1
| #define HAVE_LIBM 1
| #define HAVE_FLOOR 1
| #define HAVE_MEMMOVE 1
| #define HAVE_MEMSET 1
| #define HAVE_SQRT 1
| #define HAVE_SQRTF 1
| #define HAVE_SINF 1
| #define HAVE_COSF 1
| #define HAVE_FABSF 1
| #define HAVE_ATAN2F 1
| #define HAVE_FMODF 1
| #define HAVE_COPYSIGNF 1
| #define HAVE_COPYSIGN 1
| #define HAVE_SNPRINTF 1
| #define HAVE_VSNPRINTF 1
| #define HAVE_GETTIMEOFDAY 1
| #define HAVE_ISNAN 1
| #define HAVE_ISNANF 1
| /* end confdefs.h.  */
| /* Define _isnanf to an innocuous variant, in case <limits.h> declares _isnanf.
|    For example, HP-UX 11i <limits.h> declares gettimeofday.  */
| #define _isnanf innocuous__isnanf
| 
| /* System header to define __stub macros and hopefully few prototypes,
|     which can conflict with char _isnanf (); below.
|     Prefer <limits.h> to <assert.h> if __STDC__ is defined, since
|     <limits.h> exists even on freestanding compilers.  */
| 
| #ifdef __STDC__
| # include <limits.h>
| #else
| # include <assert.h>
| #endif
| 
| #undef _isnanf
| 
| /* Override any GCC internal prototype to avoid an error.
|    Use char because int might match the return type of a GCC
|    builtin and then its argument prototype would still apply.  */
| #ifdef __cplusplus
| extern "C"
| #endif
| char _isnanf ();
| /* The GNU C library defines this for functions which it implements
|     to always fail with ENOSYS.  Some functions are actually named
|     something starting with __ and the normal name is an alias.  */
| #if defined __stub__isnanf || defined __stub____isnanf
| choke me
| #endif
| 
| int
| main ()
| {
| return _isnanf ();
|   ;
|   return 0;
| }
configure:17366: result: no
configure:17366: checking for __isnan
configure:17366: gcc -o conftest -g -O2   conftest.c -lm  -lpthread >&5
configure:17366: $? = 0
configure:17366: result: yes
configure:17366: checking for __isnanf
configure:17366: gcc -o conftest -g -O2   conftest.c -lm  -lpthread >&5
configure:17366: $? = 0
configure:17366: result: yes
configure:17366: checking for strchr
configure:17366: gcc -o conftest -g -O2   conftest.c -lm  -lpthread >&5
conftest.c:87:6: warning: conflicting types for built-in function 'strchr' [enabled by default]
 char strchr ();
      ^
configure:17366: $? = 0
configure:17366: result: yes
configure:17366: checking for strstr
configure:17366: gcc -o conftest -g -O2   conftest.c -lm  -lpthread >&5
conftest.c:88:6: warning: conflicting types for built-in function 'strstr' [enabled by default]
 char strstr ();
      ^
configure:17366: $? = 0
configure:17366: result: yes
configure:17366: checking for pthread_attr_setstacklazy
configure:17366: gcc -o conftest -g -O2   conftest.c -lm  -lpthread >&5
/tmp/cc8eEeHj.o: In function `main':
/home/bb8/Documents/ode-0.13/conftest.c:100: undefined reference to `pthread_attr_setstacklazy'
collect2: error: ld returned 1 exit status
configure:17366: $? = 1
configure: failed program was:
| /* confdefs.h */
| #define PACKAGE_NAME "ODE"
| #define PACKAGE_TARNAME "ode"
| #define PACKAGE_VERSION "0.13"
| #define PACKAGE_STRING "ODE 0.13"
| #define PACKAGE_BUGREPORT "ode@ode.org"
| #define PACKAGE_URL ""
| #define PACKAGE "ode"
| #define VERSION "0.13"
| #define STDC_HEADERS 1
| #define HAVE_SYS_TYPES_H 1
| #define HAVE_SYS_STAT_H 1
| #define HAVE_STDLIB_H 1
| #define HAVE_STRING_H 1
| #define HAVE_MEMORY_H 1
| #define HAVE_STRINGS_H 1
| #define HAVE_INTTYPES_H 1
| #define HAVE_STDINT_H 1
| #define HAVE_UNISTD_H 1
| #define HAVE_DLFCN_H 1
| #define LT_OBJDIR ".libs/"
| #define X86_64_SYSTEM 1
| #define HAVE_ALLOCA_H 1
| #define HAVE_STDIO_H 1
| #define HAVE_INTTYPES_H 1
| #define HAVE_STDINT_H 1
| #define HAVE_STDLIB_H 1
| #define HAVE_MATH_H 1
| #define HAVE_STRING_H 1
| #define HAVE_STDARG_H 1
| #define HAVE_MALLOC_H 1
| #define HAVE_FLOAT_H 1
| #define HAVE_TIME_H 1
| #define HAVE_SYS_TIME_H 1
| #define HAVE_LIMITS_H 1
| #define HAVE_STDDEF_H 1
| #define HAVE_GL_GL_H 1
| #define HAVE_GL_GLU_H 1
| #define HAVE_GL_GLEXT_H 1
| #define HAVE__BOOL 1
| #define HAVE_STDBOOL_H 1
| #define HAVE_OBSTACK 1
| #define HAVE_LIBM 1
| #define HAVE_FLOOR 1
| #define HAVE_MEMMOVE 1
| #define HAVE_MEMSET 1
| #define HAVE_SQRT 1
| #define HAVE_SQRTF 1
| #define HAVE_SINF 1
| #define HAVE_COSF 1
| #define HAVE_FABSF 1
| #define HAVE_ATAN2F 1
| #define HAVE_FMODF 1
| #define HAVE_COPYSIGNF 1
| #define HAVE_COPYSIGN 1
| #define HAVE_SNPRINTF 1
| #define HAVE_VSNPRINTF 1
| #define HAVE_GETTIMEOFDAY 1
| #define HAVE_ISNAN 1
| #define HAVE_ISNANF 1
| #define HAVE___ISNAN 1
| #define HAVE___ISNANF 1
| #define HAVE_STRCHR 1
| #define HAVE_STRSTR 1
| /* end confdefs.h.  */
| /* Define pthread_attr_setstacklazy to an innocuous variant, in case <limits.h> declares pthread_attr_setstacklazy.
|    For example, HP-UX 11i <limits.h> declares gettimeofday.  */
| #define pthread_attr_setstacklazy innocuous_pthread_attr_setstacklazy
| 
| /* System header to define __stub macros and hopefully few prototypes,
|     which can conflict with char pthread_attr_setstacklazy (); below.
|     Prefer <limits.h> to <assert.h> if __STDC__ is defined, since
|     <limits.h> exists even on freestanding compilers.  */
| 
| #ifdef __STDC__
| # include <limits.h>
| #else
| # include <assert.h>
| #endif
| 
| #undef pthread_attr_setstacklazy
| 
| /* Override any GCC internal prototype to avoid an error.
|    Use char because int might match the return type of a GCC
|    builtin and then its argument prototype would still apply.  */
| #ifdef __cplusplus
| extern "C"
| #endif
| char pthread_attr_setstacklazy ();
| /* The GNU C library defines this for functions which it implements
|     to always fail with ENOSYS.  Some functions are actually named
|     something starting with __ and the normal name is an alias.  */
| #if defined __stub_pthread_attr_setstacklazy || defined __stub___pthread_attr_setstacklazy
| choke me
| #endif
| 
| int
| main ()
| {
| return pthread_attr_setstacklazy ();
|   ;
|   return 0;
| }
configure:17366: result: no
configure:17377: checking for working alloca.h
configure:17394: gcc -o conftest -g -O2   conftest.c -lm  -lpthread >&5
configure:17394: $? = 0
configure:17402: result: yes
configure:17410: checking for alloca
configure:17447: gcc -o conftest -g -O2   conftest.c -lm  -lpthread >&5
configure:17447: $? = 0
configure:17455: result: yes
configure:18001: checking that generated files are newer than configure
configure:18007: result: done
configure:18111: creating ./config.status

## ---------------------- ##
## Running config.status. ##
## ---------------------- ##

This file was extended by ODE config.status 0.13, which was
generated by GNU Autoconf 2.69.  Invocation command line was

  CONFIG_FILES    = 
  CONFIG_HEADERS  = 
  CONFIG_LINKS    = 
  CONFIG_COMMANDS = 
  $ ./config.status 

on robotautonomy

config.status:1272: creating Makefile
config.status:1272: creating drawstuff/Makefile
config.status:1272: creating drawstuff/src/Makefile
config.status:1272: creating drawstuff/dstest/Makefile
config.status:1272: creating include/Makefile
config.status:1272: creating include/drawstuff/Makefile
config.status:1272: creating include/ode/Makefile
config.status:1272: creating include/ode/precision.h
config.status:1272: creating ode/Makefile
config.status:1272: creating ode/src/Makefile
config.status:1272: creating ode/src/joints/Makefile
config.status:1272: creating ode/demo/Makefile
config.status:1272: creating OPCODE/Makefile
config.status:1272: creating OPCODE/Ice/Makefile
config.status:1272: creating GIMPACT/Makefile
config.status:1272: creating GIMPACT/include/Makefile
config.status:1272: creating GIMPACT/include/GIMPACT/Makefile
config.status:1272: creating GIMPACT/src/Makefile
config.status:1272: creating tests/Makefile
config.status:1272: creating tests/joints/Makefile
config.status:1272: creating tests/UnitTest++/Makefile
config.status:1272: creating tests/UnitTest++/src/Makefile
config.status:1272: creating tests/UnitTest++/src/Posix/Makefile
config.status:1272: creating tests/UnitTest++/src/Win32/Makefile
config.status:1272: creating ode-config
config.status:1272: creating ode.pc
config.status:1272: creating ode/src/config.h
config.status:1501: executing depfiles commands
config.status:1501: executing libtool commands
configure:20697: === configuring in ou (/home/bb8/Documents/ode-0.13/ou)
configure:20760: running /bin/bash ./configure --disable-option-checking '--prefix=/usr/local'  '--enable-double-precision' 'PKG_CONFIG_PATH=/opt/ros/indigo/lib/pkgconfig' --cache-file=/dev/null --srcdir=.
configure:20697: === configuring in libccd (/home/bb8/Documents/ode-0.13/libccd)
configure:20760: running /bin/bash ./configure --disable-option-checking '--prefix=/usr/local'  '--enable-double-precision' 'PKG_CONFIG_PATH=/opt/ros/indigo/lib/pkgconfig' --cache-file=/dev/null --srcdir=.

## ---------------- ##
## Cache variables. ##
## ---------------- ##

ac_cv_build=x86_64-unknown-linux-gnu
ac_cv_c_bigendian=no
ac_cv_c_compiler_gnu=yes
ac_cv_c_inline=inline
ac_cv_c_int32_t=yes
ac_cv_c_uint32_t=yes
ac_cv_c_volatile=yes
ac_cv_cxx_compiler_gnu=yes
ac_cv_env_CCC_set=
ac_cv_env_CCC_value=
ac_cv_env_CC_set=
ac_cv_env_CC_value=
ac_cv_env_CFLAGS_set=
ac_cv_env_CFLAGS_value=
ac_cv_env_CPPFLAGS_set=
ac_cv_env_CPPFLAGS_value=
ac_cv_env_CPP_set=
ac_cv_env_CPP_value=
ac_cv_env_CXXCPP_set=
ac_cv_env_CXXCPP_value=
ac_cv_env_CXXFLAGS_set=
ac_cv_env_CXXFLAGS_value=
ac_cv_env_CXX_set=
ac_cv_env_CXX_value=
ac_cv_env_LDFLAGS_set=
ac_cv_env_LDFLAGS_value=
ac_cv_env_LIBS_set=
ac_cv_env_LIBS_value=
ac_cv_env_PKG_CONFIG_LIBDIR_set=
ac_cv_env_PKG_CONFIG_LIBDIR_value=
ac_cv_env_PKG_CONFIG_PATH_set=set
ac_cv_env_PKG_CONFIG_PATH_value=/opt/ros/indigo/lib/pkgconfig
ac_cv_env_PKG_CONFIG_set=
ac_cv_env_PKG_CONFIG_value=
ac_cv_env_X11_CFLAGS_set=
ac_cv_env_X11_CFLAGS_value=
ac_cv_env_X11_LIBS_set=
ac_cv_env_X11_LIBS_value=
ac_cv_env_build_alias_set=
ac_cv_env_build_alias_value=
ac_cv_env_host_alias_set=
ac_cv_env_host_alias_value=
ac_cv_env_target_alias_set=
ac_cv_env_target_alias_value=
ac_cv_func___isnan=yes
ac_cv_func___isnanf=yes
ac_cv_func__isnan=no
ac_cv_func__isnanf=no
ac_cv_func_alloca_works=yes
ac_cv_func_atan2f=yes
ac_cv_func_copysign=yes
ac_cv_func_copysignf=yes
ac_cv_func_cosf=yes
ac_cv_func_fabsf=yes
ac_cv_func_floor=yes
ac_cv_func_fmodf=yes
ac_cv_func_gettimeofday=yes
ac_cv_func_isnan=yes
ac_cv_func_isnanf=yes
ac_cv_func_memmove=yes
ac_cv_func_memset=yes
ac_cv_func_obstack=yes
ac_cv_func_pthread_attr_setstacklazy=no
ac_cv_func_sinf=yes
ac_cv_func_snprintf=yes
ac_cv_func_sqrt=yes
ac_cv_func_sqrtf=yes
ac_cv_func_strchr=yes
ac_cv_func_strstr=yes
ac_cv_func_vsnprintf=yes
ac_cv_header_GL_gl_h=yes
ac_cv_header_GL_glext_h=yes
ac_cv_header_GL_glu_h=yes
ac_cv_header_alloca_h=yes
ac_cv_header_dlfcn_h=yes
ac_cv_header_float_h=yes
ac_cv_header_inttypes_h=yes
ac_cv_header_limits_h=yes
ac_cv_header_malloc_h=yes
ac_cv_header_math_h=yes
ac_cv_header_memory_h=yes
ac_cv_header_stdarg_h=yes
ac_cv_header_stdbool_h=yes
ac_cv_header_stdc=yes
ac_cv_header_stddef_h=yes
ac_cv_header_stdint_h=yes
ac_cv_header_stdio_h=yes
ac_cv_header_stdlib_h=yes
ac_cv_header_string_h=yes
ac_cv_header_strings_h=yes
ac_cv_header_sys_stat_h=yes
ac_cv_header_sys_time_h=yes
ac_cv_header_sys_types_h=yes
ac_cv_header_time_h=yes
ac_cv_header_unistd_h=yes
ac_cv_host=x86_64-unknown-linux-gnu
ac_cv_lib_GLU_main=yes
ac_cv_lib_GL_main=yes
ac_cv_lib_glu32_main=no
ac_cv_lib_m_main=yes
ac_cv_lib_opengl32_main=no
ac_cv_lib_pthread_main=yes
ac_cv_lib_stdcpp_main=yes
ac_cv_lib_sunmath_main=no
ac_cv_objext=o
ac_cv_path_EGREP='/bin/grep -E'
ac_cv_path_FGREP='/bin/grep -F'
ac_cv_path_GREP=/bin/grep
ac_cv_path_SED=/bin/sed
ac_cv_path_ac_pt_PKG_CONFIG=/usr/bin/pkg-config
ac_cv_path_install='/usr/bin/install -c'
ac_cv_path_mkdir=/bin/mkdir
ac_cv_prog_AWK=mawk
ac_cv_prog_CPP='gcc -E'
ac_cv_prog_CXXCPP='g++ -E'
ac_cv_prog_ac_ct_AR=ar
ac_cv_prog_ac_ct_CC=gcc
ac_cv_prog_ac_ct_CXX=g++
ac_cv_prog_ac_ct_MANIFEST_TOOL=mt
ac_cv_prog_ac_ct_OBJDUMP=objdump
ac_cv_prog_ac_ct_RANLIB=ranlib
ac_cv_prog_ac_ct_STRIP=strip
ac_cv_prog_cc_c89=
ac_cv_prog_cc_g=yes
ac_cv_prog_cxx_g=yes
ac_cv_prog_make_make_set=yes
ac_cv_type__Bool=yes
ac_cv_type_size_t=yes
ac_cv_working_alloca_h=yes
am_cv_CC_dependencies_compiler_type=gcc3
am_cv_CXX_dependencies_compiler_type=gcc3
am_cv_make_support_nested_variables=yes
am_cv_prog_cc_c_o=yes
lt_cv_ar_at_file=@
lt_cv_deplibs_check_method=pass_all
lt_cv_file_magic_cmd='$MAGIC_CMD'
lt_cv_file_magic_test_file=
lt_cv_ld_reload_flag=-r
lt_cv_nm_interface='BSD nm'
lt_cv_objdir=.libs
lt_cv_path_LD=/usr/bin/ld
lt_cv_path_LDCXX='/usr/bin/ld -m elf_x86_64'
lt_cv_path_NM='/usr/bin/nm -B'
lt_cv_path_mainfest_tool=no
lt_cv_prog_compiler_c_o=yes
lt_cv_prog_compiler_c_o_CXX=yes
lt_cv_prog_compiler_pic='-fPIC -DPIC'
lt_cv_prog_compiler_pic_CXX='-fPIC -DPIC'
lt_cv_prog_compiler_pic_works=yes
lt_cv_prog_compiler_pic_works_CXX=yes
lt_cv_prog_compiler_rtti_exceptions=no
lt_cv_prog_compiler_static_works=yes
lt_cv_prog_compiler_static_works_CXX=yes
lt_cv_prog_gnu_ld=yes
lt_cv_prog_gnu_ldcxx=yes
lt_cv_sharedlib_from_linklib_cmd='printf %s\n'
lt_cv_shlibpath_overrides_runpath=no
lt_cv_sys_global_symbol_pipe='sed -n -e '\''s/^.*[	 ]\([ABCDGIRSTW][ABCDGIRSTW]*\)[	 ][	 ]*\([_A-Za-z][_A-Za-z0-9]*\)$/\1 \2 \2/p'\'' | sed '\''/ __gnu_lto/d'\'''
lt_cv_sys_global_symbol_to_c_name_address='sed -n -e '\''s/^: \([^ ]*\)[ ]*$/  {\"\1\", (void *) 0},/p'\'' -e '\''s/^[ABCDGIRSTW]* \([^ ]*\) \([^ ]*\)$/  {"\2", (void *) \&\2},/p'\'''
lt_cv_sys_global_symbol_to_c_name_address_lib_prefix='sed -n -e '\''s/^: \([^ ]*\)[ ]*$/  {\"\1\", (void *) 0},/p'\'' -e '\''s/^[ABCDGIRSTW]* \([^ ]*\) \(lib[^ ]*\)$/  {"\2", (void *) \&\2},/p'\'' -e '\''s/^[ABCDGIRSTW]* \([^ ]*\) \([^ ]*\)$/  {"lib\2", (void *) \&\2},/p'\'''
lt_cv_sys_global_symbol_to_cdecl='sed -n -e '\''s/^T .* \(.*\)$/extern int \1();/p'\'' -e '\''s/^[ABCDGIRSTW]* .* \(.*\)$/extern char \1;/p'\'''
lt_cv_sys_max_cmd_len=1572864
lt_cv_to_host_file_cmd=func_convert_file_noop
lt_cv_to_tool_file_cmd=func_convert_file_noop
pkg_cv_X11_CFLAGS=' '
pkg_cv_X11_LIBS='-lX11  '

## ----------------- ##
## Output variables. ##
## ----------------- ##

ACLOCAL='${SHELL} /home/bb8/Documents/ode-0.13/missing aclocal-1.14'
ALLOCA=''
AMDEPBACKSLASH='\'
AMDEP_FALSE='#'
AMDEP_TRUE=''
AMTAR='$${TAR-tar}'
AM_BACKSLASH='\'
AM_DEFAULT_V='$(AM_DEFAULT_VERBOSITY)'
AM_DEFAULT_VERBOSITY='1'
AM_V='$(V)'
AR='ar'
AS='as'
AUTOCONF='${SHELL} /home/bb8/Documents/ode-0.13/missing autoconf'
AUTOHEADER='${SHELL} /home/bb8/Documents/ode-0.13/missing autoheader'
AUTOMAKE='${SHELL} /home/bb8/Documents/ode-0.13/missing automake-1.14'
AWK='mawk'
CC='gcc'
CCDEPMODE='depmode=gcc3'
CFLAGS='-g -O2'
CPP='gcc -E'
CPPFLAGS=''
CXX='g++'
CXXCPP='g++ -E'
CXXDEPMODE='depmode=gcc3'
CXXFLAGS='-g -O2'
CYGPATH_W='echo'
DEFS='-DHAVE_CONFIG_H'
DEPDIR='.deps'
DLLTOOL='false'
DSYMUTIL=''
DUMPBIN=''
ECHO_C=''
ECHO_N='-n'
ECHO_T=''
EGREP='/bin/grep -E'
ENABLE_DEMOS_FALSE='#'
ENABLE_DEMOS_TRUE=''
ENABLE_DRAWSTUFF_FALSE='#'
ENABLE_DRAWSTUFF_TRUE=''
ENABLE_OU_FALSE='#'
ENABLE_OU_TRUE=''
EXEEXT=''
EXTRA_LIBTOOL_LDFLAGS=''
FGREP='/bin/grep -F'
GIMPACT_FALSE=''
GIMPACT_TRUE='#'
GL_LIBS='-lGLU -lGL'
GREP='/bin/grep'
INSTALL_DATA='${INSTALL} -m 644'
INSTALL_PROGRAM='${INSTALL}'
INSTALL_SCRIPT='${INSTALL}'
INSTALL_STRIP_PROGRAM='$(install_sh) -c -s'
LD='/usr/bin/ld -m elf_x86_64'
LDFLAGS=''
LIBCCD_BOX_CYL_FALSE=''
LIBCCD_BOX_CYL_TRUE='#'
LIBCCD_CAP_CYL_FALSE=''
LIBCCD_CAP_CYL_TRUE='#'
LIBCCD_CONVEX_BOX_FALSE=''
LIBCCD_CONVEX_BOX_TRUE='#'
LIBCCD_CONVEX_CAP_FALSE=''
LIBCCD_CONVEX_CAP_TRUE='#'
LIBCCD_CONVEX_CONVEX_FALSE=''
LIBCCD_CONVEX_CONVEX_TRUE='#'
LIBCCD_CONVEX_CYL_FALSE=''
LIBCCD_CONVEX_CYL_TRUE='#'
LIBCCD_CONVEX_SPHERE_FALSE=''
LIBCCD_CONVEX_SPHERE_TRUE='#'
LIBCCD_CYL_CYL_FALSE=''
LIBCCD_CYL_CYL_TRUE='#'
LIBCCD_FALSE=''
LIBCCD_TRUE='#'
LIBOBJS=''
LIBS='-lm  -lpthread'
LIBSTDCXX='-lstdc++'
LIBTOOL='$(SHELL) $(top_builddir)/libtool'
LIPO=''
LN_S='ln -s'
LTLIBOBJS=''
MAKEINFO='${SHELL} /home/bb8/Documents/ode-0.13/missing makeinfo'
MANIFEST_TOOL=':'
MKDIR_P='/bin/mkdir -p'
NM='/usr/bin/nm -B'
NMEDIT=''
OBJDUMP='objdump'
OBJEXT='o'
ODE_PRECISION='dDOUBLE'
ODE_VERSION='0.13'
ODE_VERSION_INFO='-version-info 4:0:1'
OPCODE_FALSE='#'
OPCODE_TRUE=''
OSX_FALSE=''
OSX_TRUE='#'
OTOOL64=''
OTOOL=''
PACKAGE='ode'
PACKAGE_BUGREPORT='ode@ode.org'
PACKAGE_NAME='ODE'
PACKAGE_STRING='ODE 0.13'
PACKAGE_TARNAME='ode'
PACKAGE_URL=''
PACKAGE_VERSION='0.13'
PATH_SEPARATOR=':'
PKG_CONFIG='/usr/bin/pkg-config'
PKG_CONFIG_LIBDIR=''
PKG_CONFIG_PATH='/opt/ros/indigo/lib/pkgconfig'
RANLIB='ranlib'
SED='/bin/sed'
SET_MAKE=''
SHELL='/bin/bash'
STRIP='strip'
TRIMESH_FALSE='#'
TRIMESH_TRUE=''
VERSION='0.13'
WIN32_FALSE=''
WIN32_TRUE='#'
WINDRES=''
X11_CFLAGS=' '
X11_FALSE='#'
X11_LIBS='-lX11  '
X11_TRUE=''
X86_64_SYSTEM_FALSE='#'
X86_64_SYSTEM_TRUE=''
ac_ct_AR='ar'
ac_ct_CC='gcc'
ac_ct_CXX='g++'
ac_ct_DUMPBIN=''
ac_ct_WINDRES=''
am__EXEEXT_FALSE=''
am__EXEEXT_TRUE='#'
am__fastdepCC_FALSE='#'
am__fastdepCC_TRUE=''
am__fastdepCXX_FALSE='#'
am__fastdepCXX_TRUE=''
am__include='include'
am__isrc=''
am__leading_dot='.'
am__nodep='_no'
am__quote=''
am__tar='$${TAR-tar} chof - "$$tardir"'
am__untar='$${TAR-tar} xf -'
bindir='${exec_prefix}/bin'
build='x86_64-unknown-linux-gnu'
build_alias=''
build_cpu='x86_64'
build_os='linux-gnu'
build_vendor='unknown'
datadir='${datarootdir}'
datarootdir='${prefix}/share'
docdir='${datarootdir}/doc/${PACKAGE_TARNAME}'
dvidir='${docdir}'
exec_prefix='${prefix}'
host='x86_64-unknown-linux-gnu'
host_alias=''
host_cpu='x86_64'
host_os='linux-gnu'
host_vendor='unknown'
htmldir='${docdir}'
includedir='${prefix}/include'
infodir='${datarootdir}/info'
install_sh='${SHELL} /home/bb8/Documents/ode-0.13/install-sh'
libdir='${exec_prefix}/lib'
libexecdir='${exec_prefix}/libexec'
localedir='${datarootdir}/locale'
localstatedir='${prefix}/var'
mandir='${datarootdir}/man'
mkdir_p='$(MKDIR_P)'
oldincludedir='/usr/include'
pdfdir='${docdir}'
prefix='/usr/local'
program_transform_name='s,x,x,'
psdir='${docdir}'
sbindir='${exec_prefix}/sbin'
sharedstatedir='${prefix}/com'
subdirs=' ou libccd'
sysconfdir='${prefix}/etc'
target_alias=''

## ----------- ##
## confdefs.h. ##
## ----------- ##

/* confdefs.h */
#define PACKAGE_NAME "ODE"
#define PACKAGE_TARNAME "ode"
#define PACKAGE_VERSION "0.13"
#define PACKAGE_STRING "ODE 0.13"
#define PACKAGE_BUGREPORT "ode@ode.org"
#define PACKAGE_URL ""
#define PACKAGE "ode"
#define VERSION "0.13"
#define STDC_HEADERS 1
#define HAVE_SYS_TYPES_H 1
#define HAVE_SYS_STAT_H 1
#define HAVE_STDLIB_H 1
#define HAVE_STRING_H 1
#define HAVE_MEMORY_H 1
#define HAVE_STRINGS_H 1
#define HAVE_INTTYPES_H 1
#define HAVE_STDINT_H 1
#define HAVE_UNISTD_H 1
#define HAVE_DLFCN_H 1
#define LT_OBJDIR ".libs/"
#define X86_64_SYSTEM 1
#define HAVE_ALLOCA_H 1
#define HAVE_STDIO_H 1
#define HAVE_INTTYPES_H 1
#define HAVE_STDINT_H 1
#define HAVE_STDLIB_H 1
#define HAVE_MATH_H 1
#define HAVE_STRING_H 1
#define HAVE_STDARG_H 1
#define HAVE_MALLOC_H 1
#define HAVE_FLOAT_H 1
#define HAVE_TIME_H 1
#define HAVE_SYS_TIME_H 1
#define HAVE_LIMITS_H 1
#define HAVE_STDDEF_H 1
#define HAVE_GL_GL_H 1
#define HAVE_GL_GLU_H 1
#define HAVE_GL_GLEXT_H 1
#define HAVE__BOOL 1
#define HAVE_STDBOOL_H 1
#define HAVE_OBSTACK 1
#define HAVE_LIBM 1
#define HAVE_FLOOR 1
#define HAVE_MEMMOVE 1
#define HAVE_MEMSET 1
#define HAVE_SQRT 1
#define HAVE_SQRTF 1
#define HAVE_SINF 1
#define HAVE_COSF 1
#define HAVE_FABSF 1
#define HAVE_ATAN2F 1
#define HAVE_FMODF 1
#define HAVE_COPYSIGNF 1
#define HAVE_COPYSIGN 1
#define HAVE_SNPRINTF 1
#define HAVE_VSNPRINTF 1
#define HAVE_GETTIMEOFDAY 1
#define HAVE_ISNAN 1
#define HAVE_ISNANF 1
#define HAVE___ISNAN 1
#define HAVE___ISNANF 1
#define HAVE_STRCHR 1
#define HAVE_STRSTR 1
#define HAVE_ALLOCA_H 1
#define HAVE_ALLOCA 1
#define _OU_NAMESPACE odeou
#define dOU_ENABLED 1
#define dATOMICS_ENABLED 1
#define _OU_TARGET_OS _OU_TARGET_OS_GENUNIX

configure: exit 0
